# JRE version: OpenJDK Runtime Environment Temurin-21.0.11+10 (21.0.11+10) (build 21.0.11+10-LTS)
# Java VM: OpenJDK 64-Bit Server VM Temurin-21.0.11+10 (21.0.11+10-LTS, mixed mode, sharing, tiered, compressed oops, compressed class ptrs, parallel gc, windows-amd64)
GC Precious Log:
 CardTable entry size: 512
 CPUs: 12 total, 12 available
 Memory: 7971M
 Large Page Support: Disabled
 NUMA Support: Disabled
 Compressed Oops: Enabled (32-bit)
 Alignments: Space 512K, Generation 512K, Heap 2M
 Heap Min Capacity: 100M
 Heap Initial Capacity: 100M
 Heap Max Capacity: 2G
 Pre-touch: Disabled
 Parallel Workers: 10
Heap:
 PSYoungGen      total 18432K, used 9429K [0x00000000d5580000, 0x00000000d6b80000, 0x0000000100000000)
  eden space 16896K, 54% used [0x00000000d5580000,0x00000000d5e6d4d8,0x00000000d6600000)
  from space 1536K, 18% used [0x00000000d6900000,0x00000000d6948000,0x00000000d6a80000)
  to   space 1024K, 0% used [0x00000000d6a80000,0x00000000d6a80000,0x00000000d6b80000)
 ParOldGen       total 107008K, used 106691K [0x0000000080000000, 0x0000000086880000, 0x00000000d5580000)
  object space 107008K, 99% used [0x0000000080000000,0x0000000086830dd0,0x0000000086880000)
 Metaspace       used 63103K, committed 64576K, reserved 1114112K
  class space    used 6758K, committed 7424K, reserved 1048576K
GC Heap History (20 events):
Event: 20.755 GC heap before
{Heap before GC invocations=55 (full 2):
 PSYoungGen      total 23040K, used 22704K [0x00000000d5580000, 0x00000000d6f80000, 0x0000000100000000)
  eden space 22016K, 100% used [0x00000000d5580000,0x00000000d6b00000,0x00000000d6b00000)
  from space 1024K, 67% used [0x00000000d6e80000,0x00000000d6f2c3d8,0x00000000d6f80000)
  to   space 1024K, 0% used [0x00000000d6d80000,0x00000000d6d80000,0x00000000d6e80000)
 ParOldGen       total 80896K, used 80479K [0x0000000080000000, 0x0000000084f00000, 0x00000000d5580000)
  object space 80896K, 99% used [0x0000000080000000,0x0000000084e97cd0,0x0000000084f00000)
 Metaspace       used 54492K, committed 55872K, reserved 1114112K
  class space    used 5865K, committed 6464K, reserved 1048576K
}
Event: 20.756 GC heap after
{Heap after GC invocations=55 (full 2):
 PSYoungGen      total 23040K, used 809K [0x00000000d5580000, 0x00000000d6f00000, 0x0000000100000000)
  eden space 22016K, 0% used [0x00000000d5580000,0x00000000d5580000,0x00000000d6b00000)
  from space 1024K, 79% used [0x00000000d6d80000,0x00000000d6e4a420,0x00000000d6e80000)
  to   space 512K, 0% used [0x00000000d6e80000,0x00000000d6e80000,0x00000000d6f00000)
 ParOldGen       total 81408K, used 80911K [0x0000000080000000, 0x0000000084f80000, 0x00000000d5580000)
  object space 81408K, 99% used [0x0000000080000000,0x0000000084f03cd0,0x0000000084f80000)
 Metaspace       used 54492K, committed 55872K, reserved 1114112K
  class space    used 5865K, committed 6464K, reserved 1048576K
}
Event: 20.983 GC heap before
{Heap before GC invocations=56 (full 2):
 PSYoungGen      total 23040K, used 22825K [0x00000000d5580000, 0x00000000d6f00000, 0x0000000100000000)
  eden space 22016K, 100% used [0x00000000d5580000,0x00000000d6b00000,0x00000000d6b00000)
  from space 1024K, 79% used [0x00000000d6d80000,0x00000000d6e4a420,0x00000000d6e80000)
  to   space 512K, 0% used [0x00000000d6e80000,0x00000000d6e80000,0x00000000d6f00000)
 ParOldGen       total 81408K, used 80911K [0x0000000080000000, 0x0000000084f80000, 0x00000000d5580000)
  object space 81408K, 99% used [0x0000000080000000,0x0000000084f03cd0,0x0000000084f80000)
 Metaspace       used 56288K, committed 57600K, reserved 1114112K
  class space    used 6070K, committed 6656K, reserved 1048576K
}
Event: 20.984 GC heap after
{Heap after GC invocations=56 (full 2):
 PSYoungGen      total 22528K, used 504K [0x00000000d5580000, 0x00000000d6f00000, 0x0000000100000000)
  eden space 22016K, 0% used [0x00000000d5580000,0x00000000d5580000,0x00000000d6b00000)
  from space 512K, 98% used [0x00000000d6e80000,0x00000000d6efe2e8,0x00000000d6f00000)
  to   space 1536K, 0% used [0x00000000d6c00000,0x00000000d6c00000,0x00000000d6d80000)
 ParOldGen       total 81920K, used 81504K [0x0000000080000000, 0x0000000085000000, 0x00000000d5580000)
  object space 81920K, 99% used [0x0000000080000000,0x0000000084f98330,0x0000000085000000)
 Metaspace       used 56288K, committed 57600K, reserved 1114112K
  class space    used 6070K, committed 6656K, reserved 1048576K
}
Event: 21.238 GC heap before
{Heap before GC invocations=57 (full 2):
 PSYoungGen      total 22528K, used 22471K [0x00000000d5580000, 0x00000000d6f00000, 0x0000000100000000)
  eden space 22016K, 99% used [0x00000000d5580000,0x00000000d6af3cd0,0x00000000d6b00000)
  from space 512K, 98% used [0x00000000d6e80000,0x00000000d6efe2e8,0x00000000d6f00000)
  to   space 1536K, 0% used [0x00000000d6c00000,0x00000000d6c00000,0x00000000d6d80000)
 ParOldGen       total 81920K, used 81504K [0x0000000080000000, 0x0000000085000000, 0x00000000d5580000)
  object space 81920K, 99% used [0x0000000080000000,0x0000000084f98330,0x0000000085000000)
 Metaspace       used 57975K, committed 59392K, reserved 1114112K
  class space    used 6226K, committed 6848K, reserved 1048576K
}
Event: 21.239 GC heap after
{Heap after GC invocations=57 (full 2):
 PSYoungGen      total 23552K, used 1523K [0x00000000d5580000, 0x00000000d7000000, 0x0000000100000000)
  eden space 22016K, 0% used [0x00000000d5580000,0x00000000d5580000,0x00000000d6b00000)
  from space 1536K, 99% used [0x00000000d6c00000,0x00000000d6d7cca0,0x00000000d6d80000)
  to   space 2560K, 0% used [0x00000000d6d80000,0x00000000d6d80000,0x00000000d7000000)
 ParOldGen       total 82432K, used 82144K [0x0000000080000000, 0x0000000085080000, 0x00000000d5580000)
  object space 82432K, 99% used [0x0000000080000000,0x00000000850380c0,0x0000000085080000)
 Metaspace       used 57975K, committed 59392K, reserved 1114112K
  class space    used 6226K, committed 6848K, reserved 1048576K
}
Event: 21.291 GC heap before
{Heap before GC invocations=58 (full 2):
 PSYoungGen      total 23552K, used 23539K [0x00000000d5580000, 0x00000000d7000000, 0x0000000100000000)
  eden space 22016K, 100% used [0x00000000d5580000,0x00000000d6b00000,0x00000000d6b00000)
  from space 1536K, 99% used [0x00000000d6c00000,0x00000000d6d7cca0,0x00000000d6d80000)
  to   space 2560K, 0% used [0x00000000d6d80000,0x00000000d6d80000,0x00000000d7000000)
 ParOldGen       total 82432K, used 82144K [0x0000000080000000, 0x0000000085080000, 0x00000000d5580000)
  object space 82432K, 99% used [0x0000000080000000,0x00000000850380c0,0x0000000085080000)
 Metaspace       used 58001K, committed 59392K, reserved 1114112K
  class space    used 6226K, committed 6848K, reserved 1048576K
}
Event: 21.293 GC heap after
{Heap after GC invocations=58 (full 2):
 PSYoungGen      total 23040K, used 598K [0x00000000d5580000, 0x00000000d6e80000, 0x0000000100000000)
  eden space 22016K, 0% used [0x00000000d5580000,0x00000000d5580000,0x00000000d6b00000)
  from space 1024K, 58% used [0x00000000d6d80000,0x00000000d6e159d0,0x00000000d6e80000)
  to   space 1536K, 0% used [0x00000000d6b80000,0x00000000d6b80000,0x00000000d6d00000)
 ParOldGen       total 83456K, used 83395K [0x0000000080000000, 0x0000000085180000, 0x00000000d5580000)
  object space 83456K, 99% used [0x0000000080000000,0x0000000085170d60,0x0000000085180000)
 Metaspace       used 58001K, committed 59392K, reserved 1114112K
  class space    used 6226K, committed 6848K, reserved 1048576K
}
Event: 21.323 GC heap before
{Heap before GC invocations=59 (full 2):
 PSYoungGen      total 23040K, used 13960K [0x00000000d5580000, 0x00000000d6e80000, 0x0000000100000000)
  eden space 22016K, 60% used [0x00000000d5580000,0x00000000d628c658,0x00000000d6b00000)
  from space 1024K, 58% used [0x00000000d6d80000,0x00000000d6e159d0,0x00000000d6e80000)
  to   space 1536K, 0% used [0x00000000d6b80000,0x00000000d6b80000,0x00000000d6d00000)
 ParOldGen       total 83456K, used 83395K [0x0000000080000000, 0x0000000085180000, 0x00000000d5580000)
  object space 83456K, 99% used [0x0000000080000000,0x0000000085170d60,0x0000000085180000)
 Metaspace       used 58371K, committed 59776K, reserved 1114112K
  class space    used 6250K, committed 6912K, reserved 1048576K
}
Event: 21.324 GC heap after
{Heap after GC invocations=59 (full 2):
 PSYoungGen      total 23552K, used 288K [0x00000000d5580000, 0x00000000d6e00000, 0x0000000100000000)
  eden space 22016K, 0% used [0x00000000d5580000,0x00000000d5580000,0x00000000d6b00000)
  from space 1536K, 18% used [0x00000000d6b80000,0x00000000d6bc8000,0x00000000d6d00000)
  to   space 512K, 0% used [0x00000000d6d80000,0x00000000d6d80000,0x00000000d6e00000)
 ParOldGen       total 83456K, used 83411K [0x0000000080000000, 0x0000000085180000, 0x00000000d5580000)
  object space 83456K, 99% used [0x0000000080000000,0x0000000085174d60,0x0000000085180000)
 Metaspace       used 58371K, committed 59776K, reserved 1114112K
  class space    used 6250K, committed 6912K, reserved 1048576K
}
Event: 21.324 GC heap before
{Heap before GC invocations=60 (full 3):
 PSYoungGen      total 23552K, used 288K [0x00000000d5580000, 0x00000000d6e00000, 0x0000000100000000)
  eden space 22016K, 0% used [0x00000000d5580000,0x00000000d5580000,0x00000000d6b00000)
  from space 1536K, 18% used [0x00000000d6b80000,0x00000000d6bc8000,0x00000000d6d00000)
  to   space 512K, 0% used [0x00000000d6d80000,0x00000000d6d80000,0x00000000d6e00000)
 ParOldGen       total 83456K, used 83411K [0x0000000080000000, 0x0000000085180000, 0x00000000d5580000)
  object space 83456K, 99% used [0x0000000080000000,0x0000000085174d60,0x0000000085180000)
 Metaspace       used 58371K, committed 59776K, reserved 1114112K
  class space    used 6250K, committed 6912K, reserved 1048576K
}
Event: 21.386 GC heap after
{Heap after GC invocations=60 (full 3):
 PSYoungGen      total 23552K, used 0K [0x00000000d5580000, 0x00000000d6e00000, 0x0000000100000000)
  eden space 22016K, 0% used [0x00000000d5580000,0x00000000d5580000,0x00000000d6b00000)
  from space 1536K, 0% used [0x00000000d6b80000,0x00000000d6b80000,0x00000000d6d00000)
  to   space 512K, 0% used [0x00000000d6d80000,0x00000000d6d80000,0x00000000d6e00000)
 ParOldGen       total 83456K, used 52525K [0x0000000080000000, 0x0000000085180000, 0x00000000d5580000)
  object space 83456K, 62% used [0x0000000080000000,0x000000008334b7e8,0x0000000085180000)
 Metaspace       used 58364K, committed 59776K, reserved 1114112K
  class space    used 6248K, committed 6912K, reserved 1048576K
}
Event: 31.115 GC heap before
{Heap before GC invocations=61 (full 3):
 PSYoungGen      total 23552K, used 22003K [0x00000000d5580000, 0x00000000d6e00000, 0x0000000100000000)
  eden space 22016K, 99% used [0x00000000d5580000,0x00000000d6afccf0,0x00000000d6b00000)
  from space 1536K, 0% used [0x00000000d6b80000,0x00000000d6b80000,0x00000000d6d00000)
  to   space 512K, 0% used [0x00000000d6d80000,0x00000000d6d80000,0x00000000d6e00000)
 ParOldGen       total 83456K, used 52525K [0x0000000080000000, 0x0000000085180000, 0x00000000d5580000)
  object space 83456K, 62% used [0x0000000080000000,0x000000008334b7e8,0x0000000085180000)
 Metaspace       used 60509K, committed 61952K, reserved 1114112K
  class space    used 6495K, committed 7104K, reserved 1048576K
}
Event: 31.118 GC heap after
{Heap after GC invocations=61 (full 3):
 PSYoungGen      total 17408K, used 512K [0x00000000d5580000, 0x00000000d7a00000, 0x0000000100000000)
  eden space 16896K, 0% used [0x00000000d5580000,0x00000000d5580000,0x00000000d6600000)
  from space 512K, 100% used [0x00000000d6d80000,0x00000000d6e00000,0x00000000d6e00000)
  to   space 7680K, 0% used [0x00000000d6600000,0x00000000d6600000,0x00000000d6d80000)
 ParOldGen       total 83456K, used 58185K [0x0000000080000000, 0x0000000085180000, 0x00000000d5580000)
  object space 83456K, 69% used [0x0000000080000000,0x00000000838d2750,0x0000000085180000)
 Metaspace       used 60509K, committed 61952K, reserved 1114112K
  class space    used 6495K, committed 7104K, reserved 1048576K
}
Event: 31.285 GC heap before
{Heap before GC invocations=62 (full 3):
 PSYoungGen      total 17408K, used 17408K [0x00000000d5580000, 0x00000000d7a00000, 0x0000000100000000)
  eden space 16896K, 100% used [0x00000000d5580000,0x00000000d6600000,0x00000000d6600000)
  from space 512K, 100% used [0x00000000d6d80000,0x00000000d6e00000,0x00000000d6e00000)
  to   space 7680K, 0% used [0x00000000d6600000,0x00000000d6600000,0x00000000d6d80000)
 ParOldGen       total 83456K, used 58185K [0x0000000080000000, 0x0000000085180000, 0x00000000d5580000)
  object space 83456K, 69% used [0x0000000080000000,0x00000000838d2750,0x0000000085180000)
 Metaspace       used 61781K, committed 63232K, reserved 1114112K
  class space    used 6636K, committed 7296K, reserved 1048576K
}
Event: 31.287 GC heap after
{Heap after GC invocations=62 (full 3):
 PSYoungGen      total 18432K, used 1328K [0x00000000d5580000, 0x00000000d6e00000, 0x0000000100000000)
  eden space 16896K, 0% used [0x00000000d5580000,0x00000000d5580000,0x00000000d6600000)
  from space 1536K, 86% used [0x00000000d6600000,0x00000000d674c010,0x00000000d6780000)
  to   space 3072K, 0% used [0x00000000d6b00000,0x00000000d6b00000,0x00000000d6e00000)
 ParOldGen       total 83456K, used 58687K [0x0000000080000000, 0x0000000085180000, 0x00000000d5580000)
  object space 83456K, 70% used [0x0000000080000000,0x000000008394fd80,0x0000000085180000)
 Metaspace       used 61781K, committed 63232K, reserved 1114112K
  class space    used 6636K, committed 7296K, reserved 1048576K
}
Event: 31.392 GC heap before
{Heap before GC invocations=63 (full 3):
 PSYoungGen      total 18432K, used 17064K [0x00000000d5580000, 0x00000000d6e00000, 0x0000000100000000)
  eden space 16896K, 93% used [0x00000000d5580000,0x00000000d64de030,0x00000000d6600000)
  from space 1536K, 86% used [0x00000000d6600000,0x00000000d674c010,0x00000000d6780000)
  to   space 3072K, 0% used [0x00000000d6b00000,0x00000000d6b00000,0x00000000d6e00000)
 ParOldGen       total 83456K, used 58687K [0x0000000080000000, 0x0000000085180000, 0x00000000d5580000)
  object space 83456K, 70% used [0x0000000080000000,0x000000008394fd80,0x0000000085180000)
 Metaspace       used 62440K, committed 63872K, reserved 1114112K
  class space    used 6708K, committed 7360K, reserved 1048576K
}
Event: 31.394 GC heap after
{Heap after GC invocations=63 (full 3):
 PSYoungGen      total 17920K, used 970K [0x00000000d5580000, 0x00000000d6c00000, 0x0000000100000000)
  eden space 16896K, 0% used [0x00000000d5580000,0x00000000d5580000,0x00000000d6600000)
  from space 1024K, 94% used [0x00000000d6b00000,0x00000000d6bf28d8,0x00000000d6c00000)
  to   space 1536K, 0% used [0x00000000d6900000,0x00000000d6900000,0x00000000d6a80000)
 ParOldGen       total 83456K, used 59891K [0x0000000080000000, 0x0000000085180000, 0x00000000d5580000)
  object space 83456K, 71% used [0x0000000080000000,0x0000000083a7cda0,0x0000000085180000)
 Metaspace       used 62440K, committed 63872K, reserved 1114112K
  class space    used 6708K, committed 7360K, reserved 1048576K
}
Event: 31.419 GC heap before
{Heap before GC invocations=64 (full 3):
 PSYoungGen      total 17920K, used 17866K [0x00000000d5580000, 0x00000000d6c00000, 0x0000000100000000)
  eden space 16896K, 100% used [0x00000000d5580000,0x00000000d6600000,0x00000000d6600000)
  from space 1024K, 94% used [0x00000000d6b00000,0x00000000d6bf28d8,0x00000000d6c00000)
  to   space 1536K, 0% used [0x00000000d6900000,0x00000000d6900000,0x00000000d6a80000)
 ParOldGen       total 107008K, used 105971K [0x0000000080000000, 0x0000000086880000, 0x00000000d5580000)
  object space 107008K, 99% used [0x0000000080000000,0x000000008677cde0,0x0000000086880000)
 Metaspace       used 62498K, committed 63936K, reserved 1114112K
  class space    used 6714K, committed 7360K, reserved 1048576K
}
Event: 31.421 GC heap after
{Heap after GC invocations=64 (full 3):
 PSYoungGen      total 18432K, used 288K [0x00000000d5580000, 0x00000000d6b80000, 0x0000000100000000)
  eden space 16896K, 0% used [0x00000000d5580000,0x00000000d5580000,0x00000000d6600000)
  from space 1536K, 18% used [0x00000000d6900000,0x00000000d6948000,0x00000000d6a80000)
  to   space 1024K, 0% used [0x00000000d6a80000,0x00000000d6a80000,0x00000000d6b80000)
 ParOldGen       total 107008K, used 106691K [0x0000000080000000, 0x0000000086880000, 0x00000000d5580000)
  object space 107008K, 99% used [0x0000000080000000,0x0000000086830dd0,0x0000000086880000)
 Metaspace       used 62498K, committed 63936K, reserved 1114112K
  class space    used 6714K, committed 7360K, reserved 1048576K
}

