# JRE version: OpenJDK Runtime Environment Temurin-21.0.11+10 (21.0.11+10) (build 21.0.11+10-LTS)
# Java VM: OpenJDK 64-Bit Server VM Temurin-21.0.11+10 (21.0.11+10-LTS, mixed mode, sharing, tiered, compressed oops, compressed class ptrs, parallel gc, windows-amd64)
GC Precious Log:
 CardTable entry size: 512
 CPUs: 12 total, 12 available
 Memory: 7971M
 Large Page Support: Disabled
 NUMA Support: Disabled
 Compressed Oops: Enabled (32-bit)
 Alignments: Space 512K, Generation 512K, Heap 2M
 Heap Min Capacity: 100M
 Heap Initial Capacity: 100M
 Heap Max Capacity: 2G
 Pre-touch: Disabled
 Parallel Workers: 10
Heap:
 PSYoungGen      total 20992K, used 10471K [0x00000000d5580000, 0x00000000d6f00000, 0x0000000100000000)
  eden space 19456K, 45% used [0x00000000d5580000,0x00000000d5e39d18,0x00000000d6880000)
  from space 1536K, 100% used [0x00000000d6b80000,0x00000000d6d00000,0x00000000d6d00000)
  to   space 3072K, 0% used [0x00000000d6880000,0x00000000d6880000,0x00000000d6b80000)
 ParOldGen       total 68608K, used 65592K [0x0000000080000000, 0x0000000084300000, 0x00000000d5580000)
  object space 68608K, 95% used [0x0000000080000000,0x000000008400e170,0x0000000084300000)
 Metaspace       used 58183K, committed 59520K, reserved 1114112K
  class space    used 6292K, committed 6848K, reserved 1048576K
GC Heap History (20 events):
Event: 18.974 GC heap before
{Heap before GC invocations=27 (full 2):
 PSYoungGen      total 23552K, used 23548K [0x00000000d5580000, 0x00000000d7a80000, 0x0000000100000000)
  eden space 20480K, 100% used [0x00000000d5580000,0x00000000d6980000,0x00000000d6980000)
  from space 3072K, 99% used [0x00000000d7300000,0x00000000d75ff180,0x00000000d7600000)
  to   space 8704K, 0% used [0x00000000d6980000,0x00000000d6980000,0x00000000d7200000)
 ParOldGen       total 68608K, used 48682K [0x0000000080000000, 0x0000000084300000, 0x00000000d5580000)
  object space 68608K, 70% used [0x0000000080000000,0x0000000082f8a8e0,0x0000000084300000)
 Metaspace       used 44915K, committed 46272K, reserved 1114112K
  class space    used 4817K, committed 5440K, reserved 1048576K
}
Event: 18.979 GC heap after
{Heap after GC invocations=27 (full 2):
 PSYoungGen      total 22016K, used 1408K [0x00000000d5580000, 0x00000000d7380000, 0x0000000100000000)
  eden space 20480K, 0% used [0x00000000d5580000,0x00000000d5580000,0x00000000d6980000)
  from space 1536K, 91% used [0x00000000d6980000,0x00000000d6ae0010,0x00000000d6b00000)
  to   space 4096K, 0% used [0x00000000d6f80000,0x00000000d6f80000,0x00000000d7380000)
 ParOldGen       total 68608K, used 51690K [0x0000000080000000, 0x0000000084300000, 0x00000000d5580000)
  object space 68608K, 75% used [0x0000000080000000,0x000000008327ab70,0x0000000084300000)
 Metaspace       used 44915K, committed 46272K, reserved 1114112K
  class space    used 4817K, committed 5440K, reserved 1048576K
}
Event: 19.430 GC heap before
{Heap before GC invocations=28 (full 2):
 PSYoungGen      total 22016K, used 21888K [0x00000000d5580000, 0x00000000d7380000, 0x0000000100000000)
  eden space 20480K, 100% used [0x00000000d5580000,0x00000000d6980000,0x00000000d6980000)
  from space 1536K, 91% used [0x00000000d6980000,0x00000000d6ae0010,0x00000000d6b00000)
  to   space 4096K, 0% used [0x00000000d6f80000,0x00000000d6f80000,0x00000000d7380000)
 ParOldGen       total 68608K, used 51690K [0x0000000080000000, 0x0000000084300000, 0x00000000d5580000)
  object space 68608K, 75% used [0x0000000080000000,0x000000008327ab70,0x0000000084300000)
 Metaspace       used 47301K, committed 48640K, reserved 1114112K
  class space    used 5152K, committed 5760K, reserved 1048576K
}
Event: 19.432 GC heap after
{Heap after GC invocations=28 (full 2):
 PSYoungGen      total 22016K, used 1440K [0x00000000d5580000, 0x00000000d7100000, 0x0000000100000000)
  eden space 20480K, 0% used [0x00000000d5580000,0x00000000d5580000,0x00000000d6980000)
  from space 1536K, 93% used [0x00000000d6f80000,0x00000000d70e8000,0x00000000d7100000)
  to   space 2048K, 0% used [0x00000000d6d00000,0x00000000d6d00000,0x00000000d6f00000)
 ParOldGen       total 68608K, used 52906K [0x0000000080000000, 0x0000000084300000, 0x00000000d5580000)
  object space 68608K, 77% used [0x0000000080000000,0x00000000833aa890,0x0000000084300000)
 Metaspace       used 47301K, committed 48640K, reserved 1114112K
  class space    used 5152K, committed 5760K, reserved 1048576K
}
Event: 19.597 GC heap before
{Heap before GC invocations=29 (full 2):
 PSYoungGen      total 22016K, used 21920K [0x00000000d5580000, 0x00000000d7100000, 0x0000000100000000)
  eden space 20480K, 100% used [0x00000000d5580000,0x00000000d6980000,0x00000000d6980000)
  from space 1536K, 93% used [0x00000000d6f80000,0x00000000d70e8000,0x00000000d7100000)
  to   space 2048K, 0% used [0x00000000d6d00000,0x00000000d6d00000,0x00000000d6f00000)
 ParOldGen       total 68608K, used 52906K [0x0000000080000000, 0x0000000084300000, 0x00000000d5580000)
  object space 68608K, 77% used [0x0000000080000000,0x00000000833aa890,0x0000000084300000)
 Metaspace       used 49807K, committed 51136K, reserved 1114112K
  class space    used 5419K, committed 6016K, reserved 1048576K
}
Event: 19.599 GC heap after
{Heap after GC invocations=29 (full 2):
 PSYoungGen      total 22016K, used 1440K [0x00000000d5580000, 0x00000000d7000000, 0x0000000100000000)
  eden space 20480K, 0% used [0x00000000d5580000,0x00000000d5580000,0x00000000d6980000)
  from space 1536K, 93% used [0x00000000d6d00000,0x00000000d6e68010,0x00000000d6e80000)
  to   space 1536K, 0% used [0x00000000d6e80000,0x00000000d6e80000,0x00000000d7000000)
 ParOldGen       total 68608K, used 54170K [0x0000000080000000, 0x0000000084300000, 0x00000000d5580000)
  object space 68608K, 78% used [0x0000000080000000,0x00000000834e68b0,0x0000000084300000)
 Metaspace       used 49807K, committed 51136K, reserved 1114112K
  class space    used 5419K, committed 6016K, reserved 1048576K
}
Event: 19.927 GC heap before
{Heap before GC invocations=30 (full 2):
 PSYoungGen      total 22016K, used 21920K [0x00000000d5580000, 0x00000000d7000000, 0x0000000100000000)
  eden space 20480K, 100% used [0x00000000d5580000,0x00000000d6980000,0x00000000d6980000)
  from space 1536K, 93% used [0x00000000d6d00000,0x00000000d6e68010,0x00000000d6e80000)
  to   space 1536K, 0% used [0x00000000d6e80000,0x00000000d6e80000,0x00000000d7000000)
 ParOldGen       total 68608K, used 54170K [0x0000000080000000, 0x0000000084300000, 0x00000000d5580000)
  object space 68608K, 78% used [0x0000000080000000,0x00000000834e68b0,0x0000000084300000)
 Metaspace       used 51527K, committed 52928K, reserved 1114112K
  class space    used 5658K, committed 6272K, reserved 1048576K
}
Event: 19.929 GC heap after
{Heap after GC invocations=30 (full 2):
 PSYoungGen      total 21504K, used 852K [0x00000000d5580000, 0x00000000d6f80000, 0x0000000100000000)
  eden space 20480K, 0% used [0x00000000d5580000,0x00000000d5580000,0x00000000d6980000)
  from space 1024K, 83% used [0x00000000d6e80000,0x00000000d6f551c0,0x00000000d6f80000)
  to   space 1536K, 0% used [0x00000000d6c80000,0x00000000d6c80000,0x00000000d6e00000)
 ParOldGen       total 68608K, used 55297K [0x0000000080000000, 0x0000000084300000, 0x00000000d5580000)
  object space 68608K, 80% used [0x0000000080000000,0x00000000836007d0,0x0000000084300000)
 Metaspace       used 51527K, committed 52928K, reserved 1114112K
  class space    used 5658K, committed 6272K, reserved 1048576K
}
Event: 20.289 GC heap before
{Heap before GC invocations=31 (full 2):
 PSYoungGen      total 21504K, used 21332K [0x00000000d5580000, 0x00000000d6f80000, 0x0000000100000000)
  eden space 20480K, 100% used [0x00000000d5580000,0x00000000d6980000,0x00000000d6980000)
  from space 1024K, 83% used [0x00000000d6e80000,0x00000000d6f551c0,0x00000000d6f80000)
  to   space 1536K, 0% used [0x00000000d6c80000,0x00000000d6c80000,0x00000000d6e00000)
 ParOldGen       total 68608K, used 55297K [0x0000000080000000, 0x0000000084300000, 0x00000000d5580000)
  object space 68608K, 80% used [0x0000000080000000,0x00000000836007d0,0x0000000084300000)
 Metaspace       used 52589K, committed 53888K, reserved 1114112K
  class space    used 5769K, committed 6336K, reserved 1048576K
}
Event: 20.290 GC heap after
{Heap after GC invocations=31 (full 2):
 PSYoungGen      total 22016K, used 512K [0x00000000d5580000, 0x00000000d6f00000, 0x0000000100000000)
  eden space 20480K, 0% used [0x00000000d5580000,0x00000000d5580000,0x00000000d6980000)
  from space 1536K, 33% used [0x00000000d6c80000,0x00000000d6d00010,0x00000000d6e00000)
  to   space 1024K, 0% used [0x00000000d6e00000,0x00000000d6e00000,0x00000000d6f00000)
 ParOldGen       total 68608K, used 56046K [0x0000000080000000, 0x0000000084300000, 0x00000000d5580000)
  object space 68608K, 81% used [0x0000000080000000,0x00000000836bbaa0,0x0000000084300000)
 Metaspace       used 52589K, committed 53888K, reserved 1114112K
  class space    used 5769K, committed 6336K, reserved 1048576K
}
Event: 20.647 GC heap before
{Heap before GC invocations=32 (full 2):
 PSYoungGen      total 22016K, used 20992K [0x00000000d5580000, 0x00000000d6f00000, 0x0000000100000000)
  eden space 20480K, 100% used [0x00000000d5580000,0x00000000d6980000,0x00000000d6980000)
  from space 1536K, 33% used [0x00000000d6c80000,0x00000000d6d00010,0x00000000d6e00000)
  to   space 1024K, 0% used [0x00000000d6e00000,0x00000000d6e00000,0x00000000d6f00000)
 ParOldGen       total 68608K, used 56046K [0x0000000080000000, 0x0000000084300000, 0x00000000d5580000)
  object space 68608K, 81% used [0x0000000080000000,0x00000000836bbaa0,0x0000000084300000)
 Metaspace       used 54002K, committed 55360K, reserved 1114112K
  class space    used 5875K, committed 6464K, reserved 1048576K
}
Event: 20.650 GC heap after
{Heap after GC invocations=32 (full 2):
 PSYoungGen      total 20992K, used 1016K [0x00000000d5580000, 0x00000000d7380000, 0x0000000100000000)
  eden space 19968K, 0% used [0x00000000d5580000,0x00000000d5580000,0x00000000d6900000)
  from space 1024K, 99% used [0x00000000d6e00000,0x00000000d6efe168,0x00000000d6f00000)
  to   space 5120K, 0% used [0x00000000d6900000,0x00000000d6900000,0x00000000d6e00000)
 ParOldGen       total 68608K, used 59427K [0x0000000080000000, 0x0000000084300000, 0x00000000d5580000)
  object space 68608K, 86% used [0x0000000080000000,0x0000000083a08ce0,0x0000000084300000)
 Metaspace       used 54002K, committed 55360K, reserved 1114112K
  class space    used 5875K, committed 6464K, reserved 1048576K
}
Event: 20.965 GC heap before
{Heap before GC invocations=33 (full 2):
 PSYoungGen      total 20992K, used 20984K [0x00000000d5580000, 0x00000000d7380000, 0x0000000100000000)
  eden space 19968K, 100% used [0x00000000d5580000,0x00000000d6900000,0x00000000d6900000)
  from space 1024K, 99% used [0x00000000d6e00000,0x00000000d6efe168,0x00000000d6f00000)
  to   space 5120K, 0% used [0x00000000d6900000,0x00000000d6900000,0x00000000d6e00000)
 ParOldGen       total 68608K, used 59427K [0x0000000080000000, 0x0000000084300000, 0x00000000d5580000)
  object space 68608K, 86% used [0x0000000080000000,0x0000000083a08ce0,0x0000000084300000)
 Metaspace       used 54832K, committed 56256K, reserved 1114112K
  class space    used 5965K, committed 6592K, reserved 1048576K
}
Event: 20.968 GC heap after
{Heap after GC invocations=33 (full 2):
 PSYoungGen      total 23040K, used 2880K [0x00000000d5580000, 0x00000000d7000000, 0x0000000100000000)
  eden space 19968K, 0% used [0x00000000d5580000,0x00000000d5580000,0x00000000d6900000)
  from space 3072K, 93% used [0x00000000d6900000,0x00000000d6bd0030,0x00000000d6c00000)
  to   space 3584K, 0% used [0x00000000d6c80000,0x00000000d6c80000,0x00000000d7000000)
 ParOldGen       total 68608K, used 60418K [0x0000000080000000, 0x0000000084300000, 0x00000000d5580000)
  object space 68608K, 88% used [0x0000000080000000,0x0000000083b00888,0x0000000084300000)
 Metaspace       used 54832K, committed 56256K, reserved 1114112K
  class space    used 5965K, committed 6592K, reserved 1048576K
}
Event: 21.395 GC heap before
{Heap before GC invocations=34 (full 2):
 PSYoungGen      total 23040K, used 22848K [0x00000000d5580000, 0x00000000d7000000, 0x0000000100000000)
  eden space 19968K, 100% used [0x00000000d5580000,0x00000000d6900000,0x00000000d6900000)
  from space 3072K, 93% used [0x00000000d6900000,0x00000000d6bd0030,0x00000000d6c00000)
  to   space 3584K, 0% used [0x00000000d6c80000,0x00000000d6c80000,0x00000000d7000000)
 ParOldGen       total 68608K, used 60418K [0x0000000080000000, 0x0000000084300000, 0x00000000d5580000)
  object space 68608K, 88% used [0x0000000080000000,0x0000000083b00888,0x0000000084300000)
 Metaspace       used 56450K, committed 57856K, reserved 1114112K
  class space    used 6133K, committed 6720K, reserved 1048576K
}
Event: 21.399 GC heap after
{Heap after GC invocations=34 (full 2):
 PSYoungGen      total 22016K, used 1824K [0x00000000d5580000, 0x00000000d6e80000, 0x0000000100000000)
  eden space 19968K, 0% used [0x00000000d5580000,0x00000000d5580000,0x00000000d6900000)
  from space 2048K, 89% used [0x00000000d6c80000,0x00000000d6e48020,0x00000000d6e80000)
  to   space 2560K, 0% used [0x00000000d6980000,0x00000000d6980000,0x00000000d6c00000)
 ParOldGen       total 68608K, used 63138K [0x0000000080000000, 0x0000000084300000, 0x00000000d5580000)
  object space 68608K, 92% used [0x0000000080000000,0x0000000083da88b8,0x0000000084300000)
 Metaspace       used 56450K, committed 57856K, reserved 1114112K
  class space    used 6133K, committed 6720K, reserved 1048576K
}
Event: 21.690 GC heap before
{Heap before GC invocations=35 (full 2):
 PSYoungGen      total 22016K, used 21792K [0x00000000d5580000, 0x00000000d6e80000, 0x0000000100000000)
  eden space 19968K, 100% used [0x00000000d5580000,0x00000000d6900000,0x00000000d6900000)
  from space 2048K, 89% used [0x00000000d6c80000,0x00000000d6e48020,0x00000000d6e80000)
  to   space 2560K, 0% used [0x00000000d6980000,0x00000000d6980000,0x00000000d6c00000)
 ParOldGen       total 68608K, used 63138K [0x0000000080000000, 0x0000000084300000, 0x00000000d5580000)
  object space 68608K, 92% used [0x0000000080000000,0x0000000083da88b8,0x0000000084300000)
 Metaspace       used 57018K, committed 58368K, reserved 1114112K
  class space    used 6178K, committed 6720K, reserved 1048576K
}
Event: 21.693 GC heap after
{Heap after GC invocations=35 (full 2):
 PSYoungGen      total 21504K, used 1133K [0x00000000d5580000, 0x00000000d6d00000, 0x0000000100000000)
  eden space 19968K, 0% used [0x00000000d5580000,0x00000000d5580000,0x00000000d6900000)
  from space 1536K, 73% used [0x00000000d6980000,0x00000000d6a9b6a0,0x00000000d6b00000)
  to   space 1536K, 0% used [0x00000000d6b80000,0x00000000d6b80000,0x00000000d6d00000)
 ParOldGen       total 68608K, used 64730K [0x0000000080000000, 0x0000000084300000, 0x00000000d5580000)
  object space 68608K, 94% used [0x0000000080000000,0x0000000083f36b40,0x0000000084300000)
 Metaspace       used 57018K, committed 58368K, reserved 1114112K
  class space    used 6178K, committed 6720K, reserved 1048576K
}
Event: 21.896 GC heap before
{Heap before GC invocations=36 (full 2):
 PSYoungGen      total 21504K, used 21101K [0x00000000d5580000, 0x00000000d6d00000, 0x0000000100000000)
  eden space 19968K, 100% used [0x00000000d5580000,0x00000000d6900000,0x00000000d6900000)
  from space 1536K, 73% used [0x00000000d6980000,0x00000000d6a9b6a0,0x00000000d6b00000)
  to   space 1536K, 0% used [0x00000000d6b80000,0x00000000d6b80000,0x00000000d6d00000)
 ParOldGen       total 68608K, used 64730K [0x0000000080000000, 0x0000000084300000, 0x00000000d5580000)
  object space 68608K, 94% used [0x0000000080000000,0x0000000083f36b40,0x0000000084300000)
 Metaspace       used 57785K, committed 59072K, reserved 1114112K
  class space    used 6262K, committed 6784K, reserved 1048576K
}
Event: 22.910 GC heap after
{Heap after GC invocations=36 (full 2):
 PSYoungGen      total 20992K, used 1536K [0x00000000d5580000, 0x00000000d6f00000, 0x0000000100000000)
  eden space 19456K, 0% used [0x00000000d5580000,0x00000000d5580000,0x00000000d6880000)
  from space 1536K, 100% used [0x00000000d6b80000,0x00000000d6d00000,0x00000000d6d00000)
  to   space 3072K, 0% used [0x00000000d6880000,0x00000000d6880000,0x00000000d6b80000)
 ParOldGen       total 68608K, used 65592K [0x0000000080000000, 0x0000000084300000, 0x00000000d5580000)
  object space 68608K, 95% used [0x0000000080000000,0x000000008400e170,0x0000000084300000)
 Metaspace       used 57785K, committed 59072K, reserved 1114112K
  class space    used 6262K, committed 6784K, reserved 1048576K
}

